  main.cpp
c:\users\cralynx\desktop\pacman\code\pacman\pacman\view.h(8): warning C4244: аргумент: преобразование "double" в "float", возможна потеря данных
c:\users\cralynx\desktop\pacman\code\pacman\pacman\view.h(11): warning C4244: аргумент: преобразование "double" в "float", возможна потеря данных
c:\users\cralynx\desktop\pacman\code\pacman\pacman\view.h(14): warning C4244: аргумент: преобразование "double" в "float", возможна потеря данных
c:\users\cralynx\desktop\pacman\code\pacman\pacman\view.h(17): warning C4244: аргумент: преобразование "double" в "float", возможна потеря данных
c:\users\cralynx\desktop\pacman\code\pacman\pacman\main.cpp(34): warning C4244: аргумент: преобразование "float" в "int", возможна потеря данных
c:\users\cralynx\desktop\pacman\code\pacman\pacman\main.cpp(58): warning C4244: инициализация: преобразование "float" в "int", возможна потеря данных
c:\users\cralynx\desktop\pacman\code\pacman\pacman\main.cpp(59): warning C4244: инициализация: преобразование "float" в "int", возможна потеря данных
c:\users\cralynx\desktop\pacman\code\pacman\pacman\main.cpp(69): warning C4244: =: преобразование "int" в "float", возможна потеря данных
c:\users\cralynx\desktop\pacman\code\pacman\pacman\main.cpp(77): warning C4244: =: преобразование "int" в "float", возможна потеря данных
c:\users\cralynx\desktop\pacman\code\pacman\pacman\main.cpp(123): warning C4305: =: усечение из "double" к "float"
c:\users\cralynx\desktop\pacman\code\pacman\pacman\main.cpp(129): warning C4244: инициализация: преобразование "float" в "int", возможна потеря данных
c:\users\cralynx\desktop\pacman\code\pacman\pacman\main.cpp(130): warning C4244: инициализация: преобразование "float" в "int", возможна потеря данных
c:\users\cralynx\desktop\pacman\code\pacman\pacman\main.cpp(140): warning C4244: =: преобразование "int" в "float", возможна потеря данных
c:\users\cralynx\desktop\pacman\code\pacman\pacman\main.cpp(148): warning C4244: =: преобразование "int" в "float", возможна потеря данных
c:\users\cralynx\desktop\pacman\code\pacman\pacman\main.cpp(218): warning C4018: <: несоответствие типов со знаком и без знака
c:\users\cralynx\desktop\pacman\code\pacman\pacman\main.cpp(220): warning C4305: =: усечение из "double" к "float"
c:\users\cralynx\desktop\pacman\code\pacman\pacman\main.cpp(227): warning C4244: инициализация: преобразование "sf::Int64" в "float", возможна потеря данных
c:\users\cralynx\desktop\pacman\code\pacman\pacman\main.cpp(246): warning C4244: аргумент: преобразование "float" в "int", возможна потеря данных
c:\users\cralynx\desktop\pacman\code\pacman\pacman\main.cpp(272): warning C4244: аргумент: преобразование "time_t" в "unsigned int", возможна потеря данных
c:\users\cralynx\desktop\pacman\code\pacman\pacman\main.cpp(273): warning C4018: <: несоответствие типов со знаком и без знака
c:\users\cralynx\desktop\pacman\code\pacman\pacman\main.cpp(275): warning C4244: +=: преобразование "double" в "float", возможна потеря данных
c:\users\cralynx\desktop\pacman\code\pacman\pacman\main.cpp(289): warning C4305: =: усечение из "double" к "float"
c:\users\cralynx\desktop\pacman\code\pacman\pacman\main.cpp(290): warning C4244: +=: преобразование "double" в "float", возможна потеря данных
c:\users\cralynx\desktop\pacman\code\pacman\pacman\main.cpp(296): warning C4305: =: усечение из "double" к "float"
c:\users\cralynx\desktop\pacman\code\pacman\pacman\main.cpp(297): warning C4244: +=: преобразование "double" в "float", возможна потеря данных
c:\users\cralynx\desktop\pacman\code\pacman\pacman\main.cpp(303): warning C4305: =: усечение из "double" к "float"
c:\users\cralynx\desktop\pacman\code\pacman\pacman\main.cpp(304): warning C4244: +=: преобразование "double" в "float", возможна потеря данных
c:\users\cralynx\desktop\pacman\code\pacman\pacman\main.cpp(311): warning C4305: =: усечение из "double" к "float"
c:\users\cralynx\desktop\pacman\code\pacman\pacman\main.cpp(312): warning C4244: +=: преобразование "double" в "float", возможна потеря данных
c:\users\cralynx\desktop\pacman\code\pacman\pacman\main.cpp(338): warning C4244: аргумент: преобразование "int" в "float", возможна потеря данных
c:\users\cralynx\desktop\pacman\code\pacman\pacman\main.cpp(356): warning C4018: <: несоответствие типов со знаком и без знака
  Pacman.vcxproj -> C:\Users\CraLynx\Desktop\PACMAN\CODE\Pacman\Debug\Pacman.exe
  Pacman.vcxproj -> C:\Users\CraLynx\Desktop\PACMAN\CODE\Pacman\Debug\Pacman.pdb (Partial PDB)
